<?xml version="1.0" encoding="UTF-8"?>
<!-- Generated by org.testng.reporters.JUnitReportReporter -->
<testsuite hostname="ca-heiba" name="Selenium.MVN.AutomationTask" tests="3" failures="0" timestamp="12 Feb 2020 11:00:59 GMT" time="11.244" errors="0">
  <testcase name="RigsterOnParaBank" time="2.240" classname="Selenium.MVN.AutomationTask"/>
  <testcase name="SearchGoogle" time="7.223" classname="Selenium.MVN.AutomationTask"/>
  <testcase name="RequestLoan" time="1.781" classname="Selenium.MVN.AutomationTask"/>
</testsuite> <!-- Selenium.MVN.AutomationTask -->
